\\bournemouth.ac.uk\data\staff\home\lmcloughlin\visual studio 2012\projects\cgg_gfx_framework\cgg_gfx_framework\debug\cgg_main.obj
\\bournemouth.ac.uk\data\staff\home\lmcloughlin\visual studio 2012\projects\cgg_gfx_framework\cgg_gfx_framework\debug\main.obj
\\bournemouth.ac.uk\data\staff\home\lmcloughlin\visual studio 2012\projects\cgg_gfx_framework\cgg_gfx_framework\debug\vc110.pdb
\\bournemouth.ac.uk\data\staff\home\lmcloughlin\visual studio 2012\projects\cgg_gfx_framework\debug\cgg_gfx_framework.ilk
\\bournemouth.ac.uk\data\staff\home\lmcloughlin\visual studio 2012\projects\cgg_gfx_framework\debug\cgg_gfx_framework.exe
\\bournemouth.ac.uk\data\staff\home\lmcloughlin\visual studio 2012\projects\cgg_gfx_framework\debug\cgg_gfx_framework.pdb
e:\year_3\computergraphics&computationalprogramming\raytracer\cgg_gfx_framework\debug\vc141.pdb
e:\year_3\computergraphics&computationalprogramming\raytracer\cgg_gfx_framework\debug\vc141.idb
e:\year_3\computergraphics&computationalprogramming\raytracer\cgg_gfx_framework\debug\main.obj
e:\year_3\computergraphics&computationalprogramming\raytracer\cgg_gfx_framework\debug\cgg_main.obj
e:\year_3\computergraphics&computationalprogramming\raytracer\cgg_gfx_framework\debug\ray.obj
e:\year_3\computergraphics&computationalprogramming\raytracer\cgg_gfx_framework\debug\tracer.obj
e:\year_3\computergraphics&computationalprogramming\raytracer\debug\cgg_gfx_framework.exe
e:\year_3\computergraphics&computationalprogramming\raytracer\debug\cgg_gfx_framework.ilk
e:\year_3\computergraphics&computationalprogramming\raytracer\debug\cgg_gfx_framework.pdb
e:\year_3\computergraphics&computationalprogramming\raytracer\cgg_gfx_framework\debug\cl.command.1.tlog
e:\year_3\computergraphics&computationalprogramming\raytracer\cgg_gfx_framework\debug\cl.read.1.tlog
e:\year_3\computergraphics&computationalprogramming\raytracer\cgg_gfx_framework\debug\cl.write.1.tlog
e:\year_3\computergraphics&computationalprogramming\raytracer\cgg_gfx_framework\debug\link-cvtres.read.1.tlog
e:\year_3\computergraphics&computationalprogramming\raytracer\cgg_gfx_framework\debug\link-cvtres.write.1.tlog
e:\year_3\computergraphics&computationalprogramming\raytracer\cgg_gfx_framework\debug\link-rc.read.1.tlog
e:\year_3\computergraphics&computationalprogramming\raytracer\cgg_gfx_framework\debug\link-rc.write.1.tlog
e:\year_3\computergraphics&computationalprogramming\raytracer\cgg_gfx_framework\debug\link.command.1.tlog
e:\year_3\computergraphics&computationalprogramming\raytracer\cgg_gfx_framework\debug\link.read.1.tlog
e:\year_3\computergraphics&computationalprogramming\raytracer\cgg_gfx_framework\debug\link.write.1.tlog
e:\year_3\computergraphics&computationalprogramming\raytracer\cgg_gfx_framework\debug\vc110.idb
e:\year_3\computergraphics&computationalprogramming\raytracer\cgg_gfx_framework\debug\vc110.pdb
e:\year_3\computergraphics&computationalprogramming\raytracer\cgg_gfx_framework\debug\cgg_gfx_.2e2d7d83.tlog\cl.command.1.tlog
e:\year_3\computergraphics&computationalprogramming\raytracer\cgg_gfx_framework\debug\cgg_gfx_.2e2d7d83.tlog\cl.read.1.tlog
e:\year_3\computergraphics&computationalprogramming\raytracer\cgg_gfx_framework\debug\cgg_gfx_.2e2d7d83.tlog\cl.write.1.tlog
e:\year_3\computergraphics&computationalprogramming\raytracer\cgg_gfx_framework\debug\cgg_gfx_.2e2d7d83.tlog\link.command.1.tlog
e:\year_3\computergraphics&computationalprogramming\raytracer\cgg_gfx_framework\debug\cgg_gfx_.2e2d7d83.tlog\link.delete.1.tlog
e:\year_3\computergraphics&computationalprogramming\raytracer\cgg_gfx_framework\debug\cgg_gfx_.2e2d7d83.tlog\link.read.1.tlog
e:\year_3\computergraphics&computationalprogramming\raytracer\cgg_gfx_framework\debug\cgg_gfx_.2e2d7d83.tlog\link.write.1.tlog
